[I] 2016-05-12 16:44:57.986 - node version is v5.9.0, toolkit version is 1.3.8
[I] 2016-05-12 16:44:58.002 - parse config file E:/Github/practice/NEJ/spa/deploy/release.conf
[D] 2016-05-12 16:44:58.013 - config result -> {"DIR_CONFIG":"E:/Github/practice/NEJ/spa/deploy/","DIR_WEBROOT":"E:/Github/practice/NEJ/spa/webapp/","DIR_SOURCE":"E:/Github/practice/NEJ/spa/webapp/src/html/","DIR_OUTPUT":"E:/Github/practice/NEJ/spa/webapp/pub/","DIR_OUTPUT_TP":"E:/Github/practice/NEJ/spa/webapp/pub/","DIR_OUTPUT_STATIC":"E:/Github/practice/NEJ/spa/webapp/pub/","DIR_STATIC":"E:/Github/practice/NEJ/spa/webapp/res/","ALIAS_MATCH":{},"ALIAS_DICTIONARY":{},"DM_STATIC":[],"DM_STATIC_CS":[],"DM_STATIC_JS":[],"DM_STATIC_RS":[],"FILE_FILTER":{},"FILE_CHARSET":"utf-8","VERSION_MODE":0,"VERSION_STATIC":false,"CORE_MERGE_FLAG":0,"CORE_NOPARSE_FLAG":0,"WRP_INLINE_SOURCE":"%s","CPRS_FLAG":0,"CPRS_KEEP_COMMENT":false,"NEJ_DIR":"D:/workspace/git/NEJ/src/","NEJ_REGULAR":"regularjs","NEJ_PLATFORM":"","NEJ_PROCESSOR":{},"NEJ_INJECTOR":"I$","NEI_PROJECT_ID":0,"OPT_IMAGE_FLAG":false,"OPT_IMAGE_QUALITY":100,"MANIFEST_OUTPUT":"E:/Github/practice/NEJ/spa/webapp/cache.manifest","MANIFEST_TEMPLATE":"CACHE MANIFEST\n#VERSION = #<VERSION>\n\nCACHE:\n#<CACHE_LIST>\n\nNETWORK:\n*\n\nFALLBACK:\n","OBF_LEVEL":0,"OBF_NAME_BAGS":"E:/Github/practice/NEJ/spa/deploy/names.json","OBF_COMPATIBLE":true,"OBF_SOURCE_MAP":false,"OBF_MAX_CS_INLINE_SIZE":50,"OBF_MAX_JS_INLINE_SIZE":100,"OBF_CORE_INLINE_FLAG":0,"OBF_DROP_CONSOLE":false,"CORE_FREQUENCY_JS":2,"CORE_FREQUENCY_CS":2,"CORE_IGNORE_ENTRY":false,"WRP_SCRIPT_SOURCE":"%s","WRP_INLINE_CS":"<textarea name=\"css\">%s</textarea>","WRP_EXLINE_CS":"<textarea name=\"css\" data-src=\"%s\"></textarea>","WRP_INLINE_JS":"<textarea name=\"js\">%s</textarea>","WRP_EXLINE_JS":"<textarea name=\"js\" data-src=\"%s\"></textarea>","WRP_INLINE_TP":"<textarea id=\"%s\" name=\"%s\">%s</textarea>","WRP_INLINE_STYLE":"<style type=\"text/css\">\n%s\n</style>","WRP_EXLINE_STYLE":"<link rel=\"stylesheet\" href=\"%s\"/>","WRP_INLINE_SCRIPT":"<script>\n%s\n</script>","WRP_EXLINE_SCRIPT":"<script src=\"%s\"></script>","X_AUTO_EXLINK_PATH":false,"X_AUTO_EXLINK_SCRIPT":false,"X_RELEASE_MODE":"online","X_LOGGER_LEVEL":"ALL","X_LOGGER_FILE":"E:/Github/practice/NEJ/spa/deploy/20160512164458013.log","":""}
[D] 2016-05-12 16:44:58.014 - overwrite X_RELEASE_MODE to online
[D] 2016-05-12 16:44:58.014 - overwrite X_LOGGER_LEVEL to ALL
[I] 2016-05-12 16:44:58.014 - cache nej config
[I] 2016-05-12 16:44:58.014 - prepare merge config
[I] 2016-05-12 16:44:58.039 - dump html files
[I] 2016-05-12 16:44:58.043 - dump template files
[I] 2016-05-12 16:44:58.053 - parse input files
[D] 2016-05-12 16:44:58.059 - loading resource E:/Github/practice/NEJ/spa/webapp/src/html/app.html
[D] 2016-05-12 16:44:58.062 - loading resource E:/Github/practice/NEJ/spa/webapp/src/html/module/blog/list/index.html
[D] 2016-05-12 16:44:58.067 - loading resource E:/Github/practice/NEJ/spa/webapp/src/html/module/blog/list.box/index.html
[D] 2016-05-12 16:44:58.070 - loading resource E:/Github/practice/NEJ/spa/webapp/src/html/module/blog/list.tag/index.html
[D] 2016-05-12 16:44:58.074 - loading resource E:/Github/practice/NEJ/spa/webapp/src/html/module/blog/tab/index.html
[D] 2016-05-12 16:44:58.077 - loading resource E:/Github/practice/NEJ/spa/webapp/src/html/module/blog/tag/index.html
[D] 2016-05-12 16:44:58.101 - loading resource E:/Github/practice/NEJ/spa/webapp/src/html/module/blog.html
[D] 2016-05-12 16:44:58.106 - loading resource E:/Github/practice/NEJ/spa/webapp/src/html/module/layout/blog/index.html
[D] 2016-05-12 16:44:58.109 - loading resource E:/Github/practice/NEJ/spa/webapp/src/html/module/layout/blog.list/index.html
[D] 2016-05-12 16:44:58.112 - loading resource E:/Github/practice/NEJ/spa/webapp/src/html/module/layout/setting/index.html
[D] 2016-05-12 16:44:58.118 - loading resource E:/Github/practice/NEJ/spa/webapp/src/html/module/layout/setting.account/index.html
[D] 2016-05-12 16:44:58.123 - loading resource E:/Github/practice/NEJ/spa/webapp/src/html/module/layout/system/index.html
[D] 2016-05-12 16:44:58.126 - loading resource E:/Github/practice/NEJ/spa/webapp/src/html/module/layout.html
[D] 2016-05-12 16:44:58.129 - loading resource E:/Github/practice/NEJ/spa/webapp/src/html/module/setting/account.tab/index.html
[D] 2016-05-12 16:44:58.135 - loading resource E:/Github/practice/NEJ/spa/webapp/src/html/module/setting/edu/index.html
[D] 2016-05-12 16:44:58.139 - loading resource E:/Github/practice/NEJ/spa/webapp/src/html/module/setting/permission/index.html
[D] 2016-05-12 16:44:58.142 - loading resource E:/Github/practice/NEJ/spa/webapp/src/html/module/setting/profile/index.html
[D] 2016-05-12 16:44:58.145 - loading resource E:/Github/practice/NEJ/spa/webapp/src/html/module/setting/tab/index.html
[D] 2016-05-12 16:44:58.150 - loading resource E:/Github/practice/NEJ/spa/webapp/src/html/module/setting.html
[D] 2016-05-12 16:44:58.153 - loading resource E:/Github/practice/NEJ/spa/webapp/src/html/module/tab/index.html
[D] 2016-05-12 16:44:58.158 - parse resource E:/Github/practice/NEJ/spa/webapp/src/html/app.html
[D] 2016-05-12 16:44:58.174 - find nej module root E:/Github/practice/NEJ/spa/webapp/src/html/ at E:/Github/practice/NEJ/spa/webapp/src/html/app.html
[D] 2016-05-12 16:44:58.185 - loading resource E:/Github/practice/NEJ/spa/webapp/src/css/template.css
[D] 2016-05-12 16:44:58.189 - loading resource E:/Github/practice/NEJ/spa/webapp/src/css/app.css
[D] 2016-05-12 16:44:58.193 - parse resource E:/Github/practice/NEJ/spa/webapp/src/html/inline-1463042697493
[D] 2016-05-12 16:44:58.201 - loading resource C:/Users/hzgongke/AppData/Roaming/npm/node_modules/nej/lib/script/nej/define.js
[D] 2016-05-12 16:44:58.205 - parse resource E:/Github/practice/NEJ/spa/webapp/src/html/inline-1463042697494
[D] 2016-05-12 16:44:58.213 - cache nej dependency E:/Github/practice/NEJ/spa/webapp/src/html/inline-1463042697494 -> ["C:/Users/hzgongke/AppData/Roaming/npm/node_modules/nej/lib/script/nej/define.js",{"uri":"D:/workspace/git/NEJ/src/util/dispatcher/dispatcher.js"}]
[D] 2016-05-12 16:44:58.218 - loading resource D:/workspace/git/NEJ/src/util/dispatcher/dispatcher.js
[D] 2016-05-12 16:44:58.223 - parse resource E:/Github/practice/NEJ/spa/webapp/src/html/module/blog/list/index.html
[D] 2016-05-12 16:44:58.233 - parse resource E:/Github/practice/NEJ/spa/webapp/src/html/module/blog/list/inline-1463042697495
[D] 2016-05-12 16:44:58.236 - parse resource E:/Github/practice/NEJ/spa/webapp/src/html/module/blog/list/inline-1463042697496
[D] 2016-05-12 16:44:58.239 - loading resource E:/Github/practice/NEJ/spa/webapp/src/html/module/blog/list/index.css
[D] 2016-05-12 16:44:58.243 - loading resource E:/Github/practice/NEJ/spa/webapp/src/html/module/blog/list/index.js
[D] 2016-05-12 16:44:58.246 - parse resource E:/Github/practice/NEJ/spa/webapp/src/html/module/blog/list.box/index.html
[D] 2016-05-12 16:44:58.253 - parse resource E:/Github/practice/NEJ/spa/webapp/src/html/module/blog/list.box/inline-1463042697497
[D] 2016-05-12 16:44:58.257 - loading resource E:/Github/practice/NEJ/spa/webapp/src/html/module/blog/list.box/index.css
[D] 2016-05-12 16:44:58.261 - loading resource E:/Github/practice/NEJ/spa/webapp/src/html/module/blog/list.box/index.js
[D] 2016-05-12 16:44:58.264 - parse resource E:/Github/practice/NEJ/spa/webapp/src/html/module/blog/list.tag/index.html
[D] 2016-05-12 16:44:58.268 - parse resource E:/Github/practice/NEJ/spa/webapp/src/html/module/blog/list.tag/inline-1463042697498
[D] 2016-05-12 16:44:58.271 - parse resource E:/Github/practice/NEJ/spa/webapp/src/html/module/blog/list.tag/inline-1463042697499
[D] 2016-05-12 16:44:58.275 - loading resource E:/Github/practice/NEJ/spa/webapp/src/html/module/blog/list.tag/index.css
[D] 2016-05-12 16:44:58.278 - loading resource E:/Github/practice/NEJ/spa/webapp/src/html/module/blog/list.tag/index.js
[D] 2016-05-12 16:44:58.281 - parse resource E:/Github/practice/NEJ/spa/webapp/src/html/module/blog/tab/index.html
[D] 2016-05-12 16:44:58.285 - parse resource E:/Github/practice/NEJ/spa/webapp/src/html/module/blog/tab/inline-1463042697500
[D] 2016-05-12 16:44:58.289 - loading resource E:/Github/practice/NEJ/spa/webapp/src/html/module/blog/tab/index.css
[D] 2016-05-12 16:44:58.292 - loading resource E:/Github/practice/NEJ/spa/webapp/src/html/module/blog/tab/index.js
[D] 2016-05-12 16:44:58.295 - parse resource E:/Github/practice/NEJ/spa/webapp/src/html/module/blog/tag/index.html
[D] 2016-05-12 16:44:58.302 - parse resource E:/Github/practice/NEJ/spa/webapp/src/html/module/blog/tag/inline-1463042697501
[D] 2016-05-12 16:44:58.306 - parse resource E:/Github/practice/NEJ/spa/webapp/src/html/module/blog/tag/inline-1463042697502
[D] 2016-05-12 16:44:58.310 - loading resource E:/Github/practice/NEJ/spa/webapp/src/html/module/blog/tag/index.css
[D] 2016-05-12 16:44:58.313 - loading resource E:/Github/practice/NEJ/spa/webapp/src/html/module/blog/tag/index.js
[D] 2016-05-12 16:44:58.316 - parse resource E:/Github/practice/NEJ/spa/webapp/src/html/module/blog.html
[D] 2016-05-12 16:44:58.322 - parse resource E:/Github/practice/NEJ/spa/webapp/src/html/module/layout/blog/index.html
[D] 2016-05-12 16:44:58.326 - parse resource E:/Github/practice/NEJ/spa/webapp/src/html/module/layout/blog/inline-1463042697503
[D] 2016-05-12 16:44:58.329 - loading resource E:/Github/practice/NEJ/spa/webapp/src/html/module/layout/blog/index.css
[D] 2016-05-12 16:44:58.333 - loading resource E:/Github/practice/NEJ/spa/webapp/src/html/module/layout/blog/index.js
[D] 2016-05-12 16:44:58.337 - parse resource E:/Github/practice/NEJ/spa/webapp/src/html/module/layout/blog.list/index.html
[D] 2016-05-12 16:44:58.341 - parse resource E:/Github/practice/NEJ/spa/webapp/src/html/module/layout/blog.list/inline-1463042697504
[D] 2016-05-12 16:44:58.345 - loading resource E:/Github/practice/NEJ/spa/webapp/src/html/module/layout/blog.list/index.css
[D] 2016-05-12 16:44:58.349 - loading resource E:/Github/practice/NEJ/spa/webapp/src/html/module/layout/blog.list/index.js
[D] 2016-05-12 16:44:58.353 - parse resource E:/Github/practice/NEJ/spa/webapp/src/html/module/layout/setting/index.html
[D] 2016-05-12 16:44:58.357 - parse resource E:/Github/practice/NEJ/spa/webapp/src/html/module/layout/setting/inline-1463042697505
[D] 2016-05-12 16:44:58.360 - loading resource E:/Github/practice/NEJ/spa/webapp/src/html/module/layout/setting/index.css
[D] 2016-05-12 16:44:58.363 - loading resource E:/Github/practice/NEJ/spa/webapp/src/html/module/layout/setting/index.js
[D] 2016-05-12 16:44:58.369 - parse resource E:/Github/practice/NEJ/spa/webapp/src/html/module/layout/setting.account/index.html
[D] 2016-05-12 16:44:58.373 - parse resource E:/Github/practice/NEJ/spa/webapp/src/html/module/layout/setting.account/inline-1463042697506
[D] 2016-05-12 16:44:58.378 - loading resource E:/Github/practice/NEJ/spa/webapp/src/html/module/layout/setting.account/index.css
[D] 2016-05-12 16:44:58.382 - loading resource E:/Github/practice/NEJ/spa/webapp/src/html/module/layout/setting.account/index.js
[D] 2016-05-12 16:44:58.385 - parse resource E:/Github/practice/NEJ/spa/webapp/src/html/module/layout/system/index.html
[D] 2016-05-12 16:44:58.390 - parse resource E:/Github/practice/NEJ/spa/webapp/src/html/module/layout/system/inline-1463042697507
[D] 2016-05-12 16:44:58.394 - loading resource E:/Github/practice/NEJ/spa/webapp/src/html/module/layout/system/index.css
[D] 2016-05-12 16:44:58.398 - loading resource E:/Github/practice/NEJ/spa/webapp/src/html/module/layout/system/index.js
[D] 2016-05-12 16:44:58.401 - parse resource E:/Github/practice/NEJ/spa/webapp/src/html/module/layout.html
[D] 2016-05-12 16:44:58.406 - parse resource E:/Github/practice/NEJ/spa/webapp/src/html/module/setting/account.tab/index.html
[D] 2016-05-12 16:44:58.410 - parse resource E:/Github/practice/NEJ/spa/webapp/src/html/module/setting/account.tab/inline-1463042697508
[D] 2016-05-12 16:44:58.416 - loading resource E:/Github/practice/NEJ/spa/webapp/src/html/module/setting/account.tab/index.css
[D] 2016-05-12 16:44:58.419 - loading resource E:/Github/practice/NEJ/spa/webapp/src/html/module/setting/account.tab/index.js
[D] 2016-05-12 16:44:58.422 - parse resource E:/Github/practice/NEJ/spa/webapp/src/html/module/setting/edu/index.html
[D] 2016-05-12 16:44:58.438 - parse resource E:/Github/practice/NEJ/spa/webapp/src/html/module/setting/edu/inline-1463042697509
[D] 2016-05-12 16:44:58.441 - loading resource E:/Github/practice/NEJ/spa/webapp/src/html/module/setting/edu/index.css
[D] 2016-05-12 16:44:58.447 - loading resource E:/Github/practice/NEJ/spa/webapp/src/html/module/setting/edu/index.js
[D] 2016-05-12 16:44:58.451 - parse resource E:/Github/practice/NEJ/spa/webapp/src/html/module/setting/permission/index.html
[D] 2016-05-12 16:44:58.457 - parse resource E:/Github/practice/NEJ/spa/webapp/src/html/module/setting/permission/inline-1463042697510
[D] 2016-05-12 16:44:58.461 - loading resource E:/Github/practice/NEJ/spa/webapp/src/html/module/setting/permission/index.css
[D] 2016-05-12 16:44:58.465 - loading resource E:/Github/practice/NEJ/spa/webapp/src/html/module/setting/permission/index.js
[D] 2016-05-12 16:44:58.468 - parse resource E:/Github/practice/NEJ/spa/webapp/src/html/module/setting/profile/index.html
[D] 2016-05-12 16:44:58.479 - parse resource E:/Github/practice/NEJ/spa/webapp/src/html/module/setting/profile/inline-1463042697511
[D] 2016-05-12 16:44:58.483 - loading resource E:/Github/practice/NEJ/spa/webapp/src/html/module/setting/profile/index.css
[D] 2016-05-12 16:44:58.486 - loading resource E:/Github/practice/NEJ/spa/webapp/src/html/module/setting/profile/index.js
[D] 2016-05-12 16:44:58.489 - parse resource E:/Github/practice/NEJ/spa/webapp/src/html/module/setting/tab/index.html
[D] 2016-05-12 16:44:58.494 - parse resource E:/Github/practice/NEJ/spa/webapp/src/html/module/setting/tab/inline-1463042697512
[D] 2016-05-12 16:44:58.497 - loading resource E:/Github/practice/NEJ/spa/webapp/src/html/module/setting/tab/index.css
[D] 2016-05-12 16:44:58.501 - loading resource E:/Github/practice/NEJ/spa/webapp/src/html/module/setting/tab/index.js
[D] 2016-05-12 16:44:58.504 - parse resource E:/Github/practice/NEJ/spa/webapp/src/html/module/setting.html
[D] 2016-05-12 16:44:58.510 - parse resource E:/Github/practice/NEJ/spa/webapp/src/html/module/tab/index.html
[D] 2016-05-12 16:44:58.514 - parse resource E:/Github/practice/NEJ/spa/webapp/src/html/module/tab/inline-1463042697513
[D] 2016-05-12 16:44:58.517 - loading resource E:/Github/practice/NEJ/spa/webapp/src/html/module/tab/index.css
[D] 2016-05-12 16:44:58.520 - loading resource E:/Github/practice/NEJ/spa/webapp/src/html/module/tab/index.js
[D] 2016-05-12 16:44:58.524 - parse resource D:/workspace/git/NEJ/src/util/dispatcher/dispatcher.js
[D] 2016-05-12 16:44:58.542 - parse resource E:/Github/practice/NEJ/spa/webapp/src/css/template.css
[D] 2016-05-12 16:44:58.607 - find resource E:/Github/practice/NEJ/spa/webapp/res/image/sprite.png in file E:/Github/practice/NEJ/spa/webapp/src/css/template.css
[D] 2016-05-12 16:44:58.611 - parse resource E:/Github/practice/NEJ/spa/webapp/src/css/app.css
[D] 2016-05-12 16:44:58.621 - find resource E:/Github/practice/NEJ/spa/webapp/res/image/loading.gif in file E:/Github/practice/NEJ/spa/webapp/src/css/app.css
[D] 2016-05-12 16:44:58.625 - parse resource C:/Users/hzgongke/AppData/Roaming/npm/node_modules/nej/lib/script/nej/define.js
[D] 2016-05-12 16:44:58.627 - parse resource E:/Github/practice/NEJ/spa/webapp/src/html/module/blog/list/index.css
[D] 2016-05-12 16:44:58.632 - parse resource E:/Github/practice/NEJ/spa/webapp/src/html/module/blog/list/index.js
[D] 2016-05-12 16:44:58.638 - cache nej dependency E:/Github/practice/NEJ/spa/webapp/src/html/module/blog/list/index.js -> ["C:/Users/hzgongke/AppData/Roaming/npm/node_modules/nej/lib/script/nej/define.js",{"uri":"D:/workspace/git/NEJ/src/base/klass.js"},{"uri":"D:/workspace/git/NEJ/src/base/element.js"},{"uri":"D:/workspace/git/NEJ/src/util/dispatcher/module.js"},{"uri":"D:/workspace/git/NEJ/src/util/list/page.js"},{"uri":"D:/workspace/git/NEJ/src/util/template/tpl.js"},{"uri":"E:/Github/practice/NEJ/spa/webapp/src/javascript/module/module.js"},{"uri":"E:/Github/practice/NEJ/spa/webapp/src/javascript/cache/blog.js"}]
[D] 2016-05-12 16:44:58.641 - loading resource D:/workspace/git/NEJ/src/base/klass.js
[D] 2016-05-12 16:44:58.644 - loading resource D:/workspace/git/NEJ/src/base/element.js
[D] 2016-05-12 16:44:58.649 - loading resource D:/workspace/git/NEJ/src/util/dispatcher/module.js
[D] 2016-05-12 16:44:58.652 - loading resource D:/workspace/git/NEJ/src/util/list/page.js
[D] 2016-05-12 16:44:58.655 - loading resource D:/workspace/git/NEJ/src/util/template/tpl.js
[D] 2016-05-12 16:44:58.658 - loading resource E:/Github/practice/NEJ/spa/webapp/src/javascript/module/module.js
[D] 2016-05-12 16:44:58.661 - loading resource E:/Github/practice/NEJ/spa/webapp/src/javascript/cache/blog.js
[D] 2016-05-12 16:44:58.665 - parse resource E:/Github/practice/NEJ/spa/webapp/src/html/module/blog/list.box/index.css
[D] 2016-05-12 16:44:58.669 - parse resource E:/Github/practice/NEJ/spa/webapp/src/html/module/blog/list.box/index.js
[D] 2016-05-12 16:44:58.674 - cache nej dependency E:/Github/practice/NEJ/spa/webapp/src/html/module/blog/list.box/index.js -> ["C:/Users/hzgongke/AppData/Roaming/npm/node_modules/nej/lib/script/nej/define.js",{"uri":"D:/workspace/git/NEJ/src/base/klass.js"},{"uri":"D:/workspace/git/NEJ/src/base/element.js"},{"uri":"D:/workspace/git/NEJ/src/util/tab/view.js"},{"uri":"D:/workspace/git/NEJ/src/util/template/tpl.js"},{"uri":"D:/workspace/git/NEJ/src/util/dispatcher/module.js"},{"uri":"E:/Github/practice/NEJ/spa/webapp/src/javascript/module/module.js"}]
[D] 2016-05-12 16:44:58.678 - loading resource D:/workspace/git/NEJ/src/util/tab/view.js
[D] 2016-05-12 16:44:58.684 - parse resource E:/Github/practice/NEJ/spa/webapp/src/html/module/blog/list.tag/index.css
[D] 2016-05-12 16:44:58.687 - parse resource E:/Github/practice/NEJ/spa/webapp/src/html/module/blog/list.tag/index.js
[D] 2016-05-12 16:44:58.696 - cache nej dependency E:/Github/practice/NEJ/spa/webapp/src/html/module/blog/list.tag/index.js -> ["C:/Users/hzgongke/AppData/Roaming/npm/node_modules/nej/lib/script/nej/define.js",{"uri":"D:/workspace/git/NEJ/src/base/klass.js"},{"uri":"D:/workspace/git/NEJ/src/base/element.js"},{"uri":"D:/workspace/git/NEJ/src/util/tab/view.js"},{"uri":"D:/workspace/git/NEJ/src/util/template/tpl.js"},{"uri":"D:/workspace/git/NEJ/src/util/template/jst.js"},{"uri":"D:/workspace/git/NEJ/src/util/dispatcher/module.js"},{"uri":"E:/Github/practice/NEJ/spa/webapp/src/javascript/module/module.js"},{"uri":"E:/Github/practice/NEJ/spa/webapp/src/javascript/cache/blog.js"}]
[D] 2016-05-12 16:44:58.702 - loading resource D:/workspace/git/NEJ/src/util/template/jst.js
[D] 2016-05-12 16:44:58.707 - parse resource E:/Github/practice/NEJ/spa/webapp/src/html/module/blog/tab/index.css
[D] 2016-05-12 16:44:58.711 - parse resource E:/Github/practice/NEJ/spa/webapp/src/html/module/blog/tab/index.js
[D] 2016-05-12 16:44:58.716 - cache nej dependency E:/Github/practice/NEJ/spa/webapp/src/html/module/blog/tab/index.js -> ["C:/Users/hzgongke/AppData/Roaming/npm/node_modules/nej/lib/script/nej/define.js",{"uri":"D:/workspace/git/NEJ/src/base/klass.js"},{"uri":"D:/workspace/git/NEJ/src/base/element.js"},{"uri":"D:/workspace/git/NEJ/src/util/tab/view.js"},{"uri":"D:/workspace/git/NEJ/src/util/template/tpl.js"},{"uri":"D:/workspace/git/NEJ/src/util/dispatcher/module.js"},{"uri":"E:/Github/practice/NEJ/spa/webapp/src/javascript/module/module.js"}]
[D] 2016-05-12 16:44:58.721 - parse resource E:/Github/practice/NEJ/spa/webapp/src/html/module/blog/tag/index.css
[D] 2016-05-12 16:44:58.725 - parse resource E:/Github/practice/NEJ/spa/webapp/src/html/module/blog/tag/index.js
[D] 2016-05-12 16:44:58.731 - cache nej dependency E:/Github/practice/NEJ/spa/webapp/src/html/module/blog/tag/index.js -> ["C:/Users/hzgongke/AppData/Roaming/npm/node_modules/nej/lib/script/nej/define.js",{"uri":"D:/workspace/git/NEJ/src/base/klass.js"},{"uri":"D:/workspace/git/NEJ/src/base/element.js"},{"uri":"D:/workspace/git/NEJ/src/util/template/tpl.js"},{"uri":"D:/workspace/git/NEJ/src/util/dispatcher/module.js"},{"uri":"D:/workspace/git/NEJ/src/util/list/waterfall.js"},{"uri":"E:/Github/practice/NEJ/spa/webapp/src/javascript/module/module.js"},{"uri":"E:/Github/practice/NEJ/spa/webapp/src/javascript/cache/tag.js"}]
[D] 2016-05-12 16:44:58.736 - loading resource D:/workspace/git/NEJ/src/util/list/waterfall.js
[D] 2016-05-12 16:44:58.739 - loading resource E:/Github/practice/NEJ/spa/webapp/src/javascript/cache/tag.js
[D] 2016-05-12 16:44:58.743 - parse resource E:/Github/practice/NEJ/spa/webapp/src/html/module/layout/blog/index.css
[D] 2016-05-12 16:44:58.746 - parse resource E:/Github/practice/NEJ/spa/webapp/src/html/module/layout/blog/index.js
[D] 2016-05-12 16:44:58.751 - cache nej dependency E:/Github/practice/NEJ/spa/webapp/src/html/module/layout/blog/index.js -> ["C:/Users/hzgongke/AppData/Roaming/npm/node_modules/nej/lib/script/nej/define.js",{"uri":"D:/workspace/git/NEJ/src/base/klass.js"},{"uri":"D:/workspace/git/NEJ/src/base/element.js"},{"uri":"D:/workspace/git/NEJ/src/util/template/tpl.js"},{"uri":"D:/workspace/git/NEJ/src/util/dispatcher/module.js"},{"uri":"E:/Github/practice/NEJ/spa/webapp/src/javascript/module/module.js"}]
[D] 2016-05-12 16:44:58.754 - parse resource E:/Github/practice/NEJ/spa/webapp/src/html/module/layout/blog.list/index.css
[D] 2016-05-12 16:44:58.761 - parse resource E:/Github/practice/NEJ/spa/webapp/src/html/module/layout/blog.list/index.js
[D] 2016-05-12 16:44:58.766 - cache nej dependency E:/Github/practice/NEJ/spa/webapp/src/html/module/layout/blog.list/index.js -> ["C:/Users/hzgongke/AppData/Roaming/npm/node_modules/nej/lib/script/nej/define.js",{"uri":"D:/workspace/git/NEJ/src/base/klass.js"},{"uri":"D:/workspace/git/NEJ/src/base/element.js"},{"uri":"D:/workspace/git/NEJ/src/util/template/tpl.js"},{"uri":"D:/workspace/git/NEJ/src/util/dispatcher/module.js"},{"uri":"E:/Github/practice/NEJ/spa/webapp/src/javascript/module/module.js"}]
[D] 2016-05-12 16:44:58.770 - parse resource E:/Github/practice/NEJ/spa/webapp/src/html/module/layout/setting/index.css
[D] 2016-05-12 16:44:58.774 - parse resource E:/Github/practice/NEJ/spa/webapp/src/html/module/layout/setting/index.js
[D] 2016-05-12 16:44:58.779 - cache nej dependency E:/Github/practice/NEJ/spa/webapp/src/html/module/layout/setting/index.js -> ["C:/Users/hzgongke/AppData/Roaming/npm/node_modules/nej/lib/script/nej/define.js",{"uri":"D:/workspace/git/NEJ/src/base/klass.js"},{"uri":"D:/workspace/git/NEJ/src/base/element.js"},{"uri":"D:/workspace/git/NEJ/src/util/template/tpl.js"},{"uri":"D:/workspace/git/NEJ/src/util/dispatcher/module.js"},{"uri":"E:/Github/practice/NEJ/spa/webapp/src/javascript/module/module.js"}]
[D] 2016-05-12 16:44:58.783 - parse resource E:/Github/practice/NEJ/spa/webapp/src/html/module/layout/setting.account/index.css
[D] 2016-05-12 16:44:58.786 - parse resource E:/Github/practice/NEJ/spa/webapp/src/html/module/layout/setting.account/index.js
[D] 2016-05-12 16:44:58.792 - cache nej dependency E:/Github/practice/NEJ/spa/webapp/src/html/module/layout/setting.account/index.js -> ["C:/Users/hzgongke/AppData/Roaming/npm/node_modules/nej/lib/script/nej/define.js",{"uri":"D:/workspace/git/NEJ/src/base/klass.js"},{"uri":"D:/workspace/git/NEJ/src/base/element.js"},{"uri":"D:/workspace/git/NEJ/src/util/template/tpl.js"},{"uri":"D:/workspace/git/NEJ/src/util/dispatcher/module.js"},{"uri":"E:/Github/practice/NEJ/spa/webapp/src/javascript/module/module.js"}]
[D] 2016-05-12 16:44:58.796 - parse resource E:/Github/practice/NEJ/spa/webapp/src/html/module/layout/system/index.css
[D] 2016-05-12 16:44:58.799 - parse resource E:/Github/practice/NEJ/spa/webapp/src/html/module/layout/system/index.js
[D] 2016-05-12 16:44:58.804 - cache nej dependency E:/Github/practice/NEJ/spa/webapp/src/html/module/layout/system/index.js -> ["C:/Users/hzgongke/AppData/Roaming/npm/node_modules/nej/lib/script/nej/define.js",{"uri":"D:/workspace/git/NEJ/src/base/klass.js"},{"uri":"D:/workspace/git/NEJ/src/base/element.js"},{"uri":"D:/workspace/git/NEJ/src/util/template/tpl.js"},{"uri":"D:/workspace/git/NEJ/src/util/dispatcher/module.js"},{"uri":"E:/Github/practice/NEJ/spa/webapp/src/javascript/module/module.js"}]
[D] 2016-05-12 16:44:58.809 - parse resource E:/Github/practice/NEJ/spa/webapp/src/html/module/setting/account.tab/index.css
[D] 2016-05-12 16:44:58.814 - parse resource E:/Github/practice/NEJ/spa/webapp/src/html/module/setting/account.tab/index.js
[D] 2016-05-12 16:44:58.821 - cache nej dependency E:/Github/practice/NEJ/spa/webapp/src/html/module/setting/account.tab/index.js -> ["C:/Users/hzgongke/AppData/Roaming/npm/node_modules/nej/lib/script/nej/define.js",{"uri":"D:/workspace/git/NEJ/src/base/klass.js"},{"uri":"D:/workspace/git/NEJ/src/base/element.js"},{"uri":"D:/workspace/git/NEJ/src/util/tab/view.js"},{"uri":"D:/workspace/git/NEJ/src/util/template/tpl.js"},{"uri":"D:/workspace/git/NEJ/src/util/dispatcher/module.js"},{"uri":"E:/Github/practice/NEJ/spa/webapp/src/javascript/module/module.js"}]
[D] 2016-05-12 16:44:58.827 - parse resource E:/Github/practice/NEJ/spa/webapp/src/html/module/setting/edu/index.css
[D] 2016-05-12 16:44:58.831 - parse resource E:/Github/practice/NEJ/spa/webapp/src/html/module/setting/edu/index.js
[D] 2016-05-12 16:44:58.839 - cache nej dependency E:/Github/practice/NEJ/spa/webapp/src/html/module/setting/edu/index.js -> ["C:/Users/hzgongke/AppData/Roaming/npm/node_modules/nej/lib/script/nej/define.js",{"uri":"D:/workspace/git/NEJ/src/base/klass.js"},{"uri":"D:/workspace/git/NEJ/src/base/element.js"},{"uri":"D:/workspace/git/NEJ/src/util/template/tpl.js"},{"uri":"D:/workspace/git/NEJ/src/util/dispatcher/module.js"},{"uri":"E:/Github/practice/NEJ/spa/webapp/src/javascript/module/module.js"}]
[D] 2016-05-12 16:44:58.843 - parse resource E:/Github/practice/NEJ/spa/webapp/src/html/module/setting/permission/index.css
[D] 2016-05-12 16:44:58.847 - parse resource E:/Github/practice/NEJ/spa/webapp/src/html/module/setting/permission/index.js
[D] 2016-05-12 16:44:58.854 - cache nej dependency E:/Github/practice/NEJ/spa/webapp/src/html/module/setting/permission/index.js -> ["C:/Users/hzgongke/AppData/Roaming/npm/node_modules/nej/lib/script/nej/define.js",{"uri":"D:/workspace/git/NEJ/src/base/klass.js"},{"uri":"D:/workspace/git/NEJ/src/base/element.js"},{"uri":"D:/workspace/git/NEJ/src/base/event.js"},{"uri":"D:/workspace/git/NEJ/src/util/template/tpl.js"},{"uri":"D:/workspace/git/NEJ/src/util/dispatcher/module.js"},{"uri":"E:/Github/practice/NEJ/spa/webapp/src/javascript/module/module.js"}]
[D] 2016-05-12 16:44:58.858 - loading resource D:/workspace/git/NEJ/src/base/event.js
[D] 2016-05-12 16:44:58.861 - parse resource E:/Github/practice/NEJ/spa/webapp/src/html/module/setting/profile/index.css
[D] 2016-05-12 16:44:58.864 - parse resource E:/Github/practice/NEJ/spa/webapp/src/html/module/setting/profile/index.js
[D] 2016-05-12 16:44:58.871 - cache nej dependency E:/Github/practice/NEJ/spa/webapp/src/html/module/setting/profile/index.js -> ["C:/Users/hzgongke/AppData/Roaming/npm/node_modules/nej/lib/script/nej/define.js",{"uri":"D:/workspace/git/NEJ/src/base/klass.js"},{"uri":"D:/workspace/git/NEJ/src/base/element.js"},{"uri":"D:/workspace/git/NEJ/src/base/event.js"},{"uri":"D:/workspace/git/NEJ/src/util/template/tpl.js"},{"uri":"D:/workspace/git/NEJ/src/util/dispatcher/module.js"},{"uri":"E:/Github/practice/NEJ/spa/webapp/src/javascript/module/module.js"}]
[D] 2016-05-12 16:44:58.876 - parse resource E:/Github/practice/NEJ/spa/webapp/src/html/module/setting/tab/index.css
[D] 2016-05-12 16:44:58.879 - parse resource E:/Github/practice/NEJ/spa/webapp/src/html/module/setting/tab/index.js
[D] 2016-05-12 16:44:58.886 - cache nej dependency E:/Github/practice/NEJ/spa/webapp/src/html/module/setting/tab/index.js -> ["C:/Users/hzgongke/AppData/Roaming/npm/node_modules/nej/lib/script/nej/define.js",{"uri":"D:/workspace/git/NEJ/src/base/klass.js"},{"uri":"D:/workspace/git/NEJ/src/base/element.js"},{"uri":"D:/workspace/git/NEJ/src/util/tab/view.js"},{"uri":"D:/workspace/git/NEJ/src/util/template/tpl.js"},{"uri":"D:/workspace/git/NEJ/src/util/dispatcher/module.js"},{"uri":"E:/Github/practice/NEJ/spa/webapp/src/javascript/module/module.js"}]
[D] 2016-05-12 16:44:58.891 - parse resource E:/Github/practice/NEJ/spa/webapp/src/html/module/tab/index.css
[D] 2016-05-12 16:44:58.894 - parse resource E:/Github/practice/NEJ/spa/webapp/src/html/module/tab/index.js
[D] 2016-05-12 16:44:58.903 - cache nej dependency E:/Github/practice/NEJ/spa/webapp/src/html/module/tab/index.js -> ["C:/Users/hzgongke/AppData/Roaming/npm/node_modules/nej/lib/script/nej/define.js",{"uri":"D:/workspace/git/NEJ/src/base/klass.js"},{"uri":"D:/workspace/git/NEJ/src/base/element.js"},{"uri":"D:/workspace/git/NEJ/src/util/tab/view.js"},{"uri":"D:/workspace/git/NEJ/src/util/template/tpl.js"},{"uri":"D:/workspace/git/NEJ/src/util/dispatcher/module.js"},{"uri":"E:/Github/practice/NEJ/spa/webapp/src/javascript/module/module.js"}]
[D] 2016-05-12 16:44:58.907 - parse resource D:/workspace/git/NEJ/src/base/klass.js
[D] 2016-05-12 16:44:58.911 - parse resource D:/workspace/git/NEJ/src/base/element.js
[D] 2016-05-12 16:44:58.917 - parse resource D:/workspace/git/NEJ/src/util/dispatcher/module.js
[D] 2016-05-12 16:44:58.921 - parse resource D:/workspace/git/NEJ/src/util/list/page.js
[D] 2016-05-12 16:44:58.930 - parse resource D:/workspace/git/NEJ/src/util/template/tpl.js
[D] 2016-05-12 16:44:58.936 - parse resource D:/workspace/git/NEJ/src/util/tab/view.js
[D] 2016-05-12 16:44:58.939 - parse resource D:/workspace/git/NEJ/src/util/template/jst.js
[D] 2016-05-12 16:44:58.943 - parse resource D:/workspace/git/NEJ/src/util/list/waterfall.js
[D] 2016-05-12 16:44:58.948 - parse resource D:/workspace/git/NEJ/src/base/event.js
[D] 2016-05-12 16:44:58.952 - parse resource E:/Github/practice/NEJ/spa/webapp/src/javascript/module/module.js
[D] 2016-05-12 16:44:58.957 - cache nej dependency E:/Github/practice/NEJ/spa/webapp/src/javascript/module/module.js -> ["C:/Users/hzgongke/AppData/Roaming/npm/node_modules/nej/lib/script/nej/define.js",{"uri":"D:/workspace/git/NEJ/src/base/klass.js"},{"uri":"D:/workspace/git/NEJ/src/util/dispatcher/module.js"}]
[D] 2016-05-12 16:44:58.974 - parse resource E:/Github/practice/NEJ/spa/webapp/src/javascript/cache/blog.js
[D] 2016-05-12 16:44:58.980 - cache nej dependency E:/Github/practice/NEJ/spa/webapp/src/javascript/cache/blog.js -> ["C:/Users/hzgongke/AppData/Roaming/npm/node_modules/nej/lib/script/nej/define.js",{"uri":"D:/workspace/git/NEJ/src/base/klass.js"},{"uri":"D:/workspace/git/NEJ/src/base/util.js"},{"uri":"D:/workspace/git/NEJ/src/util/ajax/xdr.js"},{"uri":"E:/Github/practice/NEJ/spa/webapp/src/javascript/cache/cache.js"}]
[D] 2016-05-12 16:44:58.984 - loading resource D:/workspace/git/NEJ/src/base/util.js
[D] 2016-05-12 16:44:58.987 - loading resource D:/workspace/git/NEJ/src/util/ajax/xdr.js
[D] 2016-05-12 16:44:58.991 - loading resource E:/Github/practice/NEJ/spa/webapp/src/javascript/cache/cache.js
[D] 2016-05-12 16:44:58.995 - parse resource D:/workspace/git/NEJ/src/base/util.js
[D] 2016-05-12 16:44:58.999 - parse resource D:/workspace/git/NEJ/src/util/ajax/xdr.js
[D] 2016-05-12 16:44:59.003 - parse resource E:/Github/practice/NEJ/spa/webapp/src/javascript/cache/tag.js
[D] 2016-05-12 16:44:59.008 - cache nej dependency E:/Github/practice/NEJ/spa/webapp/src/javascript/cache/tag.js -> ["C:/Users/hzgongke/AppData/Roaming/npm/node_modules/nej/lib/script/nej/define.js",{"uri":"D:/workspace/git/NEJ/src/base/klass.js"},{"uri":"D:/workspace/git/NEJ/src/base/util.js"},{"uri":"D:/workspace/git/NEJ/src/util/ajax/xdr.js"},{"uri":"E:/Github/practice/NEJ/spa/webapp/src/javascript/cache/cache.js"}]
[D] 2016-05-12 16:44:59.013 - parse resource E:/Github/practice/NEJ/spa/webapp/src/javascript/cache/cache.js
[D] 2016-05-12 16:44:59.017 - cache nej dependency E:/Github/practice/NEJ/spa/webapp/src/javascript/cache/cache.js -> ["C:/Users/hzgongke/AppData/Roaming/npm/node_modules/nej/lib/script/nej/define.js",{"uri":"D:/workspace/git/NEJ/src/base/klass.js"},{"uri":"D:/workspace/git/NEJ/src/util/cache/abstract.js"}]
[D] 2016-05-12 16:44:59.021 - loading resource D:/workspace/git/NEJ/src/util/cache/abstract.js
[D] 2016-05-12 16:44:59.025 - parse resource D:/workspace/git/NEJ/src/util/cache/abstract.js
[D] 2016-05-12 16:44:59.029 - dependencies map -> {"E:/Github/practice/NEJ/spa/webapp/src/html/inline-1463042697494":["C:/Users/hzgongke/AppData/Roaming/npm/node_modules/nej/lib/script/nej/define.js","D:/workspace/git/NEJ/src/util/dispatcher/dispatcher.js"],"E:/Github/practice/NEJ/spa/webapp/src/html/module/blog/list/index.js":["C:/Users/hzgongke/AppData/Roaming/npm/node_modules/nej/lib/script/nej/define.js","D:/workspace/git/NEJ/src/base/klass.js","D:/workspace/git/NEJ/src/base/element.js","D:/workspace/git/NEJ/src/util/dispatcher/module.js","D:/workspace/git/NEJ/src/util/list/page.js","D:/workspace/git/NEJ/src/util/template/tpl.js","E:/Github/practice/NEJ/spa/webapp/src/javascript/module/module.js","E:/Github/practice/NEJ/spa/webapp/src/javascript/cache/blog.js"],"E:/Github/practice/NEJ/spa/webapp/src/html/module/blog/list.box/index.js":["C:/Users/hzgongke/AppData/Roaming/npm/node_modules/nej/lib/script/nej/define.js","D:/workspace/git/NEJ/src/base/klass.js","D:/workspace/git/NEJ/src/base/element.js","D:/workspace/git/NEJ/src/util/tab/view.js","D:/workspace/git/NEJ/src/util/template/tpl.js","D:/workspace/git/NEJ/src/util/dispatcher/module.js","E:/Github/practice/NEJ/spa/webapp/src/javascript/module/module.js"],"E:/Github/practice/NEJ/spa/webapp/src/html/module/blog/list.tag/index.js":["C:/Users/hzgongke/AppData/Roaming/npm/node_modules/nej/lib/script/nej/define.js","D:/workspace/git/NEJ/src/base/klass.js","D:/workspace/git/NEJ/src/base/element.js","D:/workspace/git/NEJ/src/util/tab/view.js","D:/workspace/git/NEJ/src/util/template/tpl.js","D:/workspace/git/NEJ/src/util/template/jst.js","D:/workspace/git/NEJ/src/util/dispatcher/module.js","E:/Github/practice/NEJ/spa/webapp/src/javascript/module/module.js","E:/Github/practice/NEJ/spa/webapp/src/javascript/cache/blog.js"],"E:/Github/practice/NEJ/spa/webapp/src/html/module/blog/tab/index.js":["C:/Users/hzgongke/AppData/Roaming/npm/node_modules/nej/lib/script/nej/define.js","D:/workspace/git/NEJ/src/base/klass.js","D:/workspace/git/NEJ/src/base/element.js","D:/workspace/git/NEJ/src/util/tab/view.js","D:/workspace/git/NEJ/src/util/template/tpl.js","D:/workspace/git/NEJ/src/util/dispatcher/module.js","E:/Github/practice/NEJ/spa/webapp/src/javascript/module/module.js"],"E:/Github/practice/NEJ/spa/webapp/src/html/module/blog/tag/index.js":["C:/Users/hzgongke/AppData/Roaming/npm/node_modules/nej/lib/script/nej/define.js","D:/workspace/git/NEJ/src/base/klass.js","D:/workspace/git/NEJ/src/base/element.js","D:/workspace/git/NEJ/src/util/template/tpl.js","D:/workspace/git/NEJ/src/util/dispatcher/module.js","D:/workspace/git/NEJ/src/util/list/waterfall.js","E:/Github/practice/NEJ/spa/webapp/src/javascript/module/module.js","E:/Github/practice/NEJ/spa/webapp/src/javascript/cache/tag.js"],"E:/Github/practice/NEJ/spa/webapp/src/html/module/layout/blog/index.js":["C:/Users/hzgongke/AppData/Roaming/npm/node_modules/nej/lib/script/nej/define.js","D:/workspace/git/NEJ/src/base/klass.js","D:/workspace/git/NEJ/src/base/element.js","D:/workspace/git/NEJ/src/util/template/tpl.js","D:/workspace/git/NEJ/src/util/dispatcher/module.js","E:/Github/practice/NEJ/spa/webapp/src/javascript/module/module.js"],"E:/Github/practice/NEJ/spa/webapp/src/html/module/layout/blog.list/index.js":["C:/Users/hzgongke/AppData/Roaming/npm/node_modules/nej/lib/script/nej/define.js","D:/workspace/git/NEJ/src/base/klass.js","D:/workspace/git/NEJ/src/base/element.js","D:/workspace/git/NEJ/src/util/template/tpl.js","D:/workspace/git/NEJ/src/util/dispatcher/module.js","E:/Github/practice/NEJ/spa/webapp/src/javascript/module/module.js"],"E:/Github/practice/NEJ/spa/webapp/src/html/module/layout/setting/index.js":["C:/Users/hzgongke/AppData/Roaming/npm/node_modules/nej/lib/script/nej/define.js","D:/workspace/git/NEJ/src/base/klass.js","D:/workspace/git/NEJ/src/base/element.js","D:/workspace/git/NEJ/src/util/template/tpl.js","D:/workspace/git/NEJ/src/util/dispatcher/module.js","E:/Github/practice/NEJ/spa/webapp/src/javascript/module/module.js"],"E:/Github/practice/NEJ/spa/webapp/src/html/module/layout/setting.account/index.js":["C:/Users/hzgongke/AppData/Roaming/npm/node_modules/nej/lib/script/nej/define.js","D:/workspace/git/NEJ/src/base/klass.js","D:/workspace/git/NEJ/src/base/element.js","D:/workspace/git/NEJ/src/util/template/tpl.js","D:/workspace/git/NEJ/src/util/dispatcher/module.js","E:/Github/practice/NEJ/spa/webapp/src/javascript/module/module.js"],"E:/Github/practice/NEJ/spa/webapp/src/html/module/layout/system/index.js":["C:/Users/hzgongke/AppData/Roaming/npm/node_modules/nej/lib/script/nej/define.js","D:/workspace/git/NEJ/src/base/klass.js","D:/workspace/git/NEJ/src/base/element.js","D:/workspace/git/NEJ/src/util/template/tpl.js","D:/workspace/git/NEJ/src/util/dispatcher/module.js","E:/Github/practice/NEJ/spa/webapp/src/javascript/module/module.js"],"E:/Github/practice/NEJ/spa/webapp/src/html/module/setting/account.tab/index.js":["C:/Users/hzgongke/AppData/Roaming/npm/node_modules/nej/lib/script/nej/define.js","D:/workspace/git/NEJ/src/base/klass.js","D:/workspace/git/NEJ/src/base/element.js","D:/workspace/git/NEJ/src/util/tab/view.js","D:/workspace/git/NEJ/src/util/template/tpl.js","D:/workspace/git/NEJ/src/util/dispatcher/module.js","E:/Github/practice/NEJ/spa/webapp/src/javascript/module/module.js"],"E:/Github/practice/NEJ/spa/webapp/src/html/module/setting/edu/index.js":["C:/Users/hzgongke/AppData/Roaming/npm/node_modules/nej/lib/script/nej/define.js","D:/workspace/git/NEJ/src/base/klass.js","D:/workspace/git/NEJ/src/base/element.js","D:/workspace/git/NEJ/src/util/template/tpl.js","D:/workspace/git/NEJ/src/util/dispatcher/module.js","E:/Github/practice/NEJ/spa/webapp/src/javascript/module/module.js"],"E:/Github/practice/NEJ/spa/webapp/src/html/module/setting/permission/index.js":["C:/Users/hzgongke/AppData/Roaming/npm/node_modules/nej/lib/script/nej/define.js","D:/workspace/git/NEJ/src/base/klass.js","D:/workspace/git/NEJ/src/base/element.js","D:/workspace/git/NEJ/src/base/event.js","D:/workspace/git/NEJ/src/util/template/tpl.js","D:/workspace/git/NEJ/src/util/dispatcher/module.js","E:/Github/practice/NEJ/spa/webapp/src/javascript/module/module.js"],"E:/Github/practice/NEJ/spa/webapp/src/html/module/setting/profile/index.js":["C:/Users/hzgongke/AppData/Roaming/npm/node_modules/nej/lib/script/nej/define.js","D:/workspace/git/NEJ/src/base/klass.js","D:/workspace/git/NEJ/src/base/element.js","D:/workspace/git/NEJ/src/base/event.js","D:/workspace/git/NEJ/src/util/template/tpl.js","D:/workspace/git/NEJ/src/util/dispatcher/module.js","E:/Github/practice/NEJ/spa/webapp/src/javascript/module/module.js"],"E:/Github/practice/NEJ/spa/webapp/src/html/module/setting/tab/index.js":["C:/Users/hzgongke/AppData/Roaming/npm/node_modules/nej/lib/script/nej/define.js","D:/workspace/git/NEJ/src/base/klass.js","D:/workspace/git/NEJ/src/base/element.js","D:/workspace/git/NEJ/src/util/tab/view.js","D:/workspace/git/NEJ/src/util/template/tpl.js","D:/workspace/git/NEJ/src/util/dispatcher/module.js","E:/Github/practice/NEJ/spa/webapp/src/javascript/module/module.js"],"E:/Github/practice/NEJ/spa/webapp/src/html/module/tab/index.js":["C:/Users/hzgongke/AppData/Roaming/npm/node_modules/nej/lib/script/nej/define.js","D:/workspace/git/NEJ/src/base/klass.js","D:/workspace/git/NEJ/src/base/element.js","D:/workspace/git/NEJ/src/util/tab/view.js","D:/workspace/git/NEJ/src/util/template/tpl.js","D:/workspace/git/NEJ/src/util/dispatcher/module.js","E:/Github/practice/NEJ/spa/webapp/src/javascript/module/module.js"],"E:/Github/practice/NEJ/spa/webapp/src/javascript/module/module.js":["C:/Users/hzgongke/AppData/Roaming/npm/node_modules/nej/lib/script/nej/define.js","D:/workspace/git/NEJ/src/base/klass.js","D:/workspace/git/NEJ/src/util/dispatcher/module.js"],"E:/Github/practice/NEJ/spa/webapp/src/javascript/cache/blog.js":["C:/Users/hzgongke/AppData/Roaming/npm/node_modules/nej/lib/script/nej/define.js","D:/workspace/git/NEJ/src/base/klass.js","D:/workspace/git/NEJ/src/base/util.js","D:/workspace/git/NEJ/src/util/ajax/xdr.js","E:/Github/practice/NEJ/spa/webapp/src/javascript/cache/cache.js"],"E:/Github/practice/NEJ/spa/webapp/src/javascript/cache/tag.js":["C:/Users/hzgongke/AppData/Roaming/npm/node_modules/nej/lib/script/nej/define.js","D:/workspace/git/NEJ/src/base/klass.js","D:/workspace/git/NEJ/src/base/util.js","D:/workspace/git/NEJ/src/util/ajax/xdr.js","E:/Github/practice/NEJ/spa/webapp/src/javascript/cache/cache.js"],"E:/Github/practice/NEJ/spa/webapp/src/javascript/cache/cache.js":["C:/Users/hzgongke/AppData/Roaming/npm/node_modules/nej/lib/script/nej/define.js","D:/workspace/git/NEJ/src/base/klass.js","D:/workspace/git/NEJ/src/util/cache/abstract.js"]}
[I] 2016-05-12 16:44:59.033 - merge core list
[D] 2016-05-12 16:44:59.037 - style used in file E:/Github/practice/NEJ/spa/webapp/src/html/app.html is ["E:/Github/practice/NEJ/spa/webapp/src/css/template.css","E:/Github/practice/NEJ/spa/webapp/src/css/app.css"]
[D] 2016-05-12 16:44:59.041 - style used in file E:/Github/practice/NEJ/spa/webapp/src/html/module/blog/list/index.html is ["E:/Github/practice/NEJ/spa/webapp/src/html/module/blog/list/index.css"]
[D] 2016-05-12 16:44:59.045 - style used in file E:/Github/practice/NEJ/spa/webapp/src/html/module/blog/list.box/index.html is ["E:/Github/practice/NEJ/spa/webapp/src/html/module/blog/list.box/index.css"]
[D] 2016-05-12 16:44:59.048 - style used in file E:/Github/practice/NEJ/spa/webapp/src/html/module/blog/list.tag/index.html is ["E:/Github/practice/NEJ/spa/webapp/src/html/module/blog/list.tag/index.css"]
[D] 2016-05-12 16:44:59.051 - style used in file E:/Github/practice/NEJ/spa/webapp/src/html/module/blog/tab/index.html is ["E:/Github/practice/NEJ/spa/webapp/src/html/module/blog/tab/index.css"]
[D] 2016-05-12 16:44:59.055 - style used in file E:/Github/practice/NEJ/spa/webapp/src/html/module/blog/tag/index.html is ["E:/Github/practice/NEJ/spa/webapp/src/html/module/blog/tag/index.css"]
[D] 2016-05-12 16:44:59.058 - style used in file E:/Github/practice/NEJ/spa/webapp/src/html/module/blog.html is []
[D] 2016-05-12 16:44:59.061 - style used in file E:/Github/practice/NEJ/spa/webapp/src/html/module/layout/blog/index.html is ["E:/Github/practice/NEJ/spa/webapp/src/html/module/layout/blog/index.css"]
[D] 2016-05-12 16:44:59.064 - style used in file E:/Github/practice/NEJ/spa/webapp/src/html/module/layout/blog.list/index.html is ["E:/Github/practice/NEJ/spa/webapp/src/html/module/layout/blog.list/index.css"]
[D] 2016-05-12 16:44:59.067 - style used in file E:/Github/practice/NEJ/spa/webapp/src/html/module/layout/setting/index.html is ["E:/Github/practice/NEJ/spa/webapp/src/html/module/layout/setting/index.css"]
[D] 2016-05-12 16:44:59.071 - style used in file E:/Github/practice/NEJ/spa/webapp/src/html/module/layout/setting.account/index.html is ["E:/Github/practice/NEJ/spa/webapp/src/html/module/layout/setting.account/index.css"]
[D] 2016-05-12 16:44:59.074 - style used in file E:/Github/practice/NEJ/spa/webapp/src/html/module/layout/system/index.html is ["E:/Github/practice/NEJ/spa/webapp/src/html/module/layout/system/index.css"]
[D] 2016-05-12 16:44:59.077 - style used in file E:/Github/practice/NEJ/spa/webapp/src/html/module/layout.html is []
[D] 2016-05-12 16:44:59.079 - style used in file E:/Github/practice/NEJ/spa/webapp/src/html/module/setting/account.tab/index.html is ["E:/Github/practice/NEJ/spa/webapp/src/html/module/setting/account.tab/index.css"]
[D] 2016-05-12 16:44:59.082 - style used in file E:/Github/practice/NEJ/spa/webapp/src/html/module/setting/edu/index.html is ["E:/Github/practice/NEJ/spa/webapp/src/html/module/setting/edu/index.css"]
[D] 2016-05-12 16:44:59.088 - style used in file E:/Github/practice/NEJ/spa/webapp/src/html/module/setting/permission/index.html is ["E:/Github/practice/NEJ/spa/webapp/src/html/module/setting/permission/index.css"]
[D] 2016-05-12 16:44:59.090 - style used in file E:/Github/practice/NEJ/spa/webapp/src/html/module/setting/profile/index.html is ["E:/Github/practice/NEJ/spa/webapp/src/html/module/setting/profile/index.css"]
[D] 2016-05-12 16:44:59.093 - style used in file E:/Github/practice/NEJ/spa/webapp/src/html/module/setting/tab/index.html is ["E:/Github/practice/NEJ/spa/webapp/src/html/module/setting/tab/index.css"]
[D] 2016-05-12 16:44:59.096 - style used in file E:/Github/practice/NEJ/spa/webapp/src/html/module/setting.html is []
[D] 2016-05-12 16:44:59.099 - style used in file E:/Github/practice/NEJ/spa/webapp/src/html/module/tab/index.html is ["E:/Github/practice/NEJ/spa/webapp/src/html/module/tab/index.css"]
[D] 2016-05-12 16:44:59.103 - core style list -> []
[D] 2016-05-12 16:44:59.106 - script used in file E:/Github/practice/NEJ/spa/webapp/src/html/app.html is ["E:/Github/practice/NEJ/spa/webapp/src/html/inline-1463042697493","C:/Users/hzgongke/AppData/Roaming/npm/node_modules/nej/lib/script/nej/define.js","D:/workspace/git/NEJ/src/util/dispatcher/dispatcher.js","E:/Github/practice/NEJ/spa/webapp/src/html/inline-1463042697494"]
[D] 2016-05-12 16:44:59.109 - script used in file E:/Github/practice/NEJ/spa/webapp/src/html/module/blog/list/index.html is ["C:/Users/hzgongke/AppData/Roaming/npm/node_modules/nej/lib/script/nej/define.js","D:/workspace/git/NEJ/src/base/klass.js","D:/workspace/git/NEJ/src/base/element.js","D:/workspace/git/NEJ/src/util/dispatcher/module.js","D:/workspace/git/NEJ/src/util/list/page.js","D:/workspace/git/NEJ/src/util/template/tpl.js","E:/Github/practice/NEJ/spa/webapp/src/javascript/module/module.js","D:/workspace/git/NEJ/src/base/util.js","D:/workspace/git/NEJ/src/util/ajax/xdr.js","D:/workspace/git/NEJ/src/util/cache/abstract.js","E:/Github/practice/NEJ/spa/webapp/src/javascript/cache/cache.js","E:/Github/practice/NEJ/spa/webapp/src/javascript/cache/blog.js","E:/Github/practice/NEJ/spa/webapp/src/html/module/blog/list/index.js"]
[D] 2016-05-12 16:44:59.112 - script used in file E:/Github/practice/NEJ/spa/webapp/src/html/module/blog/list.box/index.html is ["C:/Users/hzgongke/AppData/Roaming/npm/node_modules/nej/lib/script/nej/define.js","D:/workspace/git/NEJ/src/base/klass.js","D:/workspace/git/NEJ/src/base/element.js","D:/workspace/git/NEJ/src/util/tab/view.js","D:/workspace/git/NEJ/src/util/template/tpl.js","D:/workspace/git/NEJ/src/util/dispatcher/module.js","E:/Github/practice/NEJ/spa/webapp/src/javascript/module/module.js","E:/Github/practice/NEJ/spa/webapp/src/html/module/blog/list.box/index.js"]
[D] 2016-05-12 16:44:59.115 - script used in file E:/Github/practice/NEJ/spa/webapp/src/html/module/blog/list.tag/index.html is ["C:/Users/hzgongke/AppData/Roaming/npm/node_modules/nej/lib/script/nej/define.js","D:/workspace/git/NEJ/src/base/klass.js","D:/workspace/git/NEJ/src/base/element.js","D:/workspace/git/NEJ/src/util/tab/view.js","D:/workspace/git/NEJ/src/util/template/tpl.js","D:/workspace/git/NEJ/src/util/template/jst.js","D:/workspace/git/NEJ/src/util/dispatcher/module.js","E:/Github/practice/NEJ/spa/webapp/src/javascript/module/module.js","D:/workspace/git/NEJ/src/base/util.js","D:/workspace/git/NEJ/src/util/ajax/xdr.js","D:/workspace/git/NEJ/src/util/cache/abstract.js","E:/Github/practice/NEJ/spa/webapp/src/javascript/cache/cache.js","E:/Github/practice/NEJ/spa/webapp/src/javascript/cache/blog.js","E:/Github/practice/NEJ/spa/webapp/src/html/module/blog/list.tag/index.js"]
[D] 2016-05-12 16:44:59.120 - script used in file E:/Github/practice/NEJ/spa/webapp/src/html/module/blog/tab/index.html is ["C:/Users/hzgongke/AppData/Roaming/npm/node_modules/nej/lib/script/nej/define.js","D:/workspace/git/NEJ/src/base/klass.js","D:/workspace/git/NEJ/src/base/element.js","D:/workspace/git/NEJ/src/util/tab/view.js","D:/workspace/git/NEJ/src/util/template/tpl.js","D:/workspace/git/NEJ/src/util/dispatcher/module.js","E:/Github/practice/NEJ/spa/webapp/src/javascript/module/module.js","E:/Github/practice/NEJ/spa/webapp/src/html/module/blog/tab/index.js"]
[D] 2016-05-12 16:44:59.123 - script used in file E:/Github/practice/NEJ/spa/webapp/src/html/module/blog/tag/index.html is ["C:/Users/hzgongke/AppData/Roaming/npm/node_modules/nej/lib/script/nej/define.js","D:/workspace/git/NEJ/src/base/klass.js","D:/workspace/git/NEJ/src/base/element.js","D:/workspace/git/NEJ/src/util/template/tpl.js","D:/workspace/git/NEJ/src/util/dispatcher/module.js","D:/workspace/git/NEJ/src/util/list/waterfall.js","E:/Github/practice/NEJ/spa/webapp/src/javascript/module/module.js","D:/workspace/git/NEJ/src/base/util.js","D:/workspace/git/NEJ/src/util/ajax/xdr.js","D:/workspace/git/NEJ/src/util/cache/abstract.js","E:/Github/practice/NEJ/spa/webapp/src/javascript/cache/cache.js","E:/Github/practice/NEJ/spa/webapp/src/javascript/cache/tag.js","E:/Github/practice/NEJ/spa/webapp/src/html/module/blog/tag/index.js"]
[D] 2016-05-12 16:44:59.126 - script used in file E:/Github/practice/NEJ/spa/webapp/src/html/module/blog.html is []
[D] 2016-05-12 16:44:59.129 - script used in file E:/Github/practice/NEJ/spa/webapp/src/html/module/layout/blog/index.html is ["C:/Users/hzgongke/AppData/Roaming/npm/node_modules/nej/lib/script/nej/define.js","D:/workspace/git/NEJ/src/base/klass.js","D:/workspace/git/NEJ/src/base/element.js","D:/workspace/git/NEJ/src/util/template/tpl.js","D:/workspace/git/NEJ/src/util/dispatcher/module.js","E:/Github/practice/NEJ/spa/webapp/src/javascript/module/module.js","E:/Github/practice/NEJ/spa/webapp/src/html/module/layout/blog/index.js"]
[D] 2016-05-12 16:44:59.134 - script used in file E:/Github/practice/NEJ/spa/webapp/src/html/module/layout/blog.list/index.html is ["C:/Users/hzgongke/AppData/Roaming/npm/node_modules/nej/lib/script/nej/define.js","D:/workspace/git/NEJ/src/base/klass.js","D:/workspace/git/NEJ/src/base/element.js","D:/workspace/git/NEJ/src/util/template/tpl.js","D:/workspace/git/NEJ/src/util/dispatcher/module.js","E:/Github/practice/NEJ/spa/webapp/src/javascript/module/module.js","E:/Github/practice/NEJ/spa/webapp/src/html/module/layout/blog.list/index.js"]
[D] 2016-05-12 16:44:59.137 - script used in file E:/Github/practice/NEJ/spa/webapp/src/html/module/layout/setting/index.html is ["C:/Users/hzgongke/AppData/Roaming/npm/node_modules/nej/lib/script/nej/define.js","D:/workspace/git/NEJ/src/base/klass.js","D:/workspace/git/NEJ/src/base/element.js","D:/workspace/git/NEJ/src/util/template/tpl.js","D:/workspace/git/NEJ/src/util/dispatcher/module.js","E:/Github/practice/NEJ/spa/webapp/src/javascript/module/module.js","E:/Github/practice/NEJ/spa/webapp/src/html/module/layout/setting/index.js"]
[D] 2016-05-12 16:44:59.140 - script used in file E:/Github/practice/NEJ/spa/webapp/src/html/module/layout/setting.account/index.html is ["C:/Users/hzgongke/AppData/Roaming/npm/node_modules/nej/lib/script/nej/define.js","D:/workspace/git/NEJ/src/base/klass.js","D:/workspace/git/NEJ/src/base/element.js","D:/workspace/git/NEJ/src/util/template/tpl.js","D:/workspace/git/NEJ/src/util/dispatcher/module.js","E:/Github/practice/NEJ/spa/webapp/src/javascript/module/module.js","E:/Github/practice/NEJ/spa/webapp/src/html/module/layout/setting.account/index.js"]
[D] 2016-05-12 16:44:59.143 - script used in file E:/Github/practice/NEJ/spa/webapp/src/html/module/layout/system/index.html is ["C:/Users/hzgongke/AppData/Roaming/npm/node_modules/nej/lib/script/nej/define.js","D:/workspace/git/NEJ/src/base/klass.js","D:/workspace/git/NEJ/src/base/element.js","D:/workspace/git/NEJ/src/util/template/tpl.js","D:/workspace/git/NEJ/src/util/dispatcher/module.js","E:/Github/practice/NEJ/spa/webapp/src/javascript/module/module.js","E:/Github/practice/NEJ/spa/webapp/src/html/module/layout/system/index.js"]
[D] 2016-05-12 16:44:59.147 - script used in file E:/Github/practice/NEJ/spa/webapp/src/html/module/layout.html is []
[D] 2016-05-12 16:44:59.153 - script used in file E:/Github/practice/NEJ/spa/webapp/src/html/module/setting/account.tab/index.html is ["C:/Users/hzgongke/AppData/Roaming/npm/node_modules/nej/lib/script/nej/define.js","D:/workspace/git/NEJ/src/base/klass.js","D:/workspace/git/NEJ/src/base/element.js","D:/workspace/git/NEJ/src/util/tab/view.js","D:/workspace/git/NEJ/src/util/template/tpl.js","D:/workspace/git/NEJ/src/util/dispatcher/module.js","E:/Github/practice/NEJ/spa/webapp/src/javascript/module/module.js","E:/Github/practice/NEJ/spa/webapp/src/html/module/setting/account.tab/index.js"]
[D] 2016-05-12 16:44:59.157 - script used in file E:/Github/practice/NEJ/spa/webapp/src/html/module/setting/edu/index.html is ["C:/Users/hzgongke/AppData/Roaming/npm/node_modules/nej/lib/script/nej/define.js","D:/workspace/git/NEJ/src/base/klass.js","D:/workspace/git/NEJ/src/base/element.js","D:/workspace/git/NEJ/src/util/template/tpl.js","D:/workspace/git/NEJ/src/util/dispatcher/module.js","E:/Github/practice/NEJ/spa/webapp/src/javascript/module/module.js","E:/Github/practice/NEJ/spa/webapp/src/html/module/setting/edu/index.js"]
[D] 2016-05-12 16:44:59.161 - script used in file E:/Github/practice/NEJ/spa/webapp/src/html/module/setting/permission/index.html is ["C:/Users/hzgongke/AppData/Roaming/npm/node_modules/nej/lib/script/nej/define.js","D:/workspace/git/NEJ/src/base/klass.js","D:/workspace/git/NEJ/src/base/element.js","D:/workspace/git/NEJ/src/base/event.js","D:/workspace/git/NEJ/src/util/template/tpl.js","D:/workspace/git/NEJ/src/util/dispatcher/module.js","E:/Github/practice/NEJ/spa/webapp/src/javascript/module/module.js","E:/Github/practice/NEJ/spa/webapp/src/html/module/setting/permission/index.js"]
[D] 2016-05-12 16:44:59.166 - script used in file E:/Github/practice/NEJ/spa/webapp/src/html/module/setting/profile/index.html is ["C:/Users/hzgongke/AppData/Roaming/npm/node_modules/nej/lib/script/nej/define.js","D:/workspace/git/NEJ/src/base/klass.js","D:/workspace/git/NEJ/src/base/element.js","D:/workspace/git/NEJ/src/base/event.js","D:/workspace/git/NEJ/src/util/template/tpl.js","D:/workspace/git/NEJ/src/util/dispatcher/module.js","E:/Github/practice/NEJ/spa/webapp/src/javascript/module/module.js","E:/Github/practice/NEJ/spa/webapp/src/html/module/setting/profile/index.js"]
[D] 2016-05-12 16:44:59.169 - script used in file E:/Github/practice/NEJ/spa/webapp/src/html/module/setting/tab/index.html is ["C:/Users/hzgongke/AppData/Roaming/npm/node_modules/nej/lib/script/nej/define.js","D:/workspace/git/NEJ/src/base/klass.js","D:/workspace/git/NEJ/src/base/element.js","D:/workspace/git/NEJ/src/util/tab/view.js","D:/workspace/git/NEJ/src/util/template/tpl.js","D:/workspace/git/NEJ/src/util/dispatcher/module.js","E:/Github/practice/NEJ/spa/webapp/src/javascript/module/module.js","E:/Github/practice/NEJ/spa/webapp/src/html/module/setting/tab/index.js"]
[D] 2016-05-12 16:44:59.172 - script used in file E:/Github/practice/NEJ/spa/webapp/src/html/module/setting.html is []
[D] 2016-05-12 16:44:59.175 - script used in file E:/Github/practice/NEJ/spa/webapp/src/html/module/tab/index.html is ["C:/Users/hzgongke/AppData/Roaming/npm/node_modules/nej/lib/script/nej/define.js","D:/workspace/git/NEJ/src/base/klass.js","D:/workspace/git/NEJ/src/base/element.js","D:/workspace/git/NEJ/src/util/tab/view.js","D:/workspace/git/NEJ/src/util/template/tpl.js","D:/workspace/git/NEJ/src/util/dispatcher/module.js","E:/Github/practice/NEJ/spa/webapp/src/javascript/module/module.js","E:/Github/practice/NEJ/spa/webapp/src/html/module/tab/index.js"]
[D] 2016-05-12 16:44:59.178 - core script list -> ["C:/Users/hzgongke/AppData/Roaming/npm/node_modules/nej/lib/script/nej/define.js","D:/workspace/git/NEJ/src/base/klass.js","D:/workspace/git/NEJ/src/base/element.js","D:/workspace/git/NEJ/src/util/template/tpl.js","D:/workspace/git/NEJ/src/util/dispatcher/module.js","E:/Github/practice/NEJ/spa/webapp/src/javascript/module/module.js","D:/workspace/git/NEJ/src/util/tab/view.js","D:/workspace/git/NEJ/src/base/util.js","D:/workspace/git/NEJ/src/util/ajax/xdr.js","D:/workspace/git/NEJ/src/util/cache/abstract.js","E:/Github/practice/NEJ/spa/webapp/src/javascript/cache/cache.js","E:/Github/practice/NEJ/spa/webapp/src/javascript/cache/blog.js","D:/workspace/git/NEJ/src/base/event.js"]
[I] 2016-05-12 16:44:59.188 - sort input files by module dependency
[D] 2016-05-12 16:44:59.193 - page list order by module dependency is ["E:/Github/practice/NEJ/spa/webapp/src/html/module/blog/tab/index.html","E:/Github/practice/NEJ/spa/webapp/src/html/module/blog/list.box/index.html","E:/Github/practice/NEJ/spa/webapp/src/html/module/blog/list.tag/index.html","E:/Github/practice/NEJ/spa/webapp/src/html/module/blog/list/index.html","E:/Github/practice/NEJ/spa/webapp/src/html/module/setting/tab/index.html","E:/Github/practice/NEJ/spa/webapp/src/html/module/setting/account.tab/index.html","E:/Github/practice/NEJ/spa/webapp/src/html/module/tab/index.html","E:/Github/practice/NEJ/spa/webapp/src/html/module/layout/system/index.html","E:/Github/practice/NEJ/spa/webapp/src/html/module/layout/blog/index.html","E:/Github/practice/NEJ/spa/webapp/src/html/module/layout/blog.list/index.html","E:/Github/practice/NEJ/spa/webapp/src/html/module/layout/setting/index.html","E:/Github/practice/NEJ/spa/webapp/src/html/module/layout/setting.account/index.html","E:/Github/practice/NEJ/spa/webapp/src/html/module/blog/tag/index.html","E:/Github/practice/NEJ/spa/webapp/src/html/app.html","E:/Github/practice/NEJ/spa/webapp/src/html/module/blog/list.class/index.html","E:/Github/practice/NEJ/spa/webapp/src/html/module/blog.html","E:/Github/practice/NEJ/spa/webapp/src/html/module/layout.html","E:/Github/practice/NEJ/spa/webapp/src/html/module/setting/edu/index.html","E:/Github/practice/NEJ/spa/webapp/src/html/module/setting/permission/index.html","E:/Github/practice/NEJ/spa/webapp/src/html/module/setting/profile/index.html","E:/Github/practice/NEJ/spa/webapp/src/html/module/setting.html"]
[W] 2016-05-12 16:44:59.198 - module E:/Github/practice/NEJ/spa/webapp/src/html/module/blog/list.class/index.html not exist
[I] 2016-05-12 16:44:59.201 - split core from input files
[D] 2016-05-12 16:44:59.205 - tp_module_blog_tab_index.css -> ["E:/Github/practice/NEJ/spa/webapp/src/html/module/blog/tab/index.css"]
[D] 2016-05-12 16:44:59.208 - tp_module_blog_tab_index.js -> ["E:/Github/practice/NEJ/spa/webapp/src/html/module/blog/tab/index.js"]
[D] 2016-05-12 16:44:59.214 - tp_module_blog_list.box_index.css -> ["E:/Github/practice/NEJ/spa/webapp/src/html/module/blog/list.box/index.css"]
[D] 2016-05-12 16:44:59.217 - tp_module_blog_list.box_index.js -> ["E:/Github/practice/NEJ/spa/webapp/src/html/module/blog/list.box/index.js"]
[D] 2016-05-12 16:44:59.221 - tp_module_blog_list.tag_index.css -> ["E:/Github/practice/NEJ/spa/webapp/src/html/module/blog/list.tag/index.css"]
[D] 2016-05-12 16:44:59.224 - tp_module_blog_list.tag_index.js -> ["D:/workspace/git/NEJ/src/util/template/jst.js","E:/Github/practice/NEJ/spa/webapp/src/html/module/blog/list.tag/index.js"]
[D] 2016-05-12 16:44:59.228 - tp_module_blog_list_index.css -> ["E:/Github/practice/NEJ/spa/webapp/src/html/module/blog/list/index.css"]
[D] 2016-05-12 16:44:59.231 - tp_module_blog_list_index.js -> ["D:/workspace/git/NEJ/src/util/list/page.js","E:/Github/practice/NEJ/spa/webapp/src/html/module/blog/list/index.js"]
[D] 2016-05-12 16:44:59.236 - tp_module_setting_tab_index.css -> ["E:/Github/practice/NEJ/spa/webapp/src/html/module/setting/tab/index.css"]
[D] 2016-05-12 16:44:59.239 - tp_module_setting_tab_index.js -> ["E:/Github/practice/NEJ/spa/webapp/src/html/module/setting/tab/index.js"]
[D] 2016-05-12 16:44:59.242 - tp_module_setting_account.tab_index.css -> ["E:/Github/practice/NEJ/spa/webapp/src/html/module/setting/account.tab/index.css"]
[D] 2016-05-12 16:44:59.246 - tp_module_setting_account.tab_index.js -> ["E:/Github/practice/NEJ/spa/webapp/src/html/module/setting/account.tab/index.js"]
[D] 2016-05-12 16:44:59.249 - tp_module_tab_index.css -> ["E:/Github/practice/NEJ/spa/webapp/src/html/module/tab/index.css"]
[D] 2016-05-12 16:44:59.253 - tp_module_tab_index.js -> ["E:/Github/practice/NEJ/spa/webapp/src/html/module/tab/index.js"]
[D] 2016-05-12 16:44:59.257 - tp_module_layout_system_index.css -> ["E:/Github/practice/NEJ/spa/webapp/src/html/module/layout/system/index.css"]
[D] 2016-05-12 16:44:59.261 - tp_module_layout_system_index.js -> ["E:/Github/practice/NEJ/spa/webapp/src/html/module/layout/system/index.js"]
[D] 2016-05-12 16:44:59.265 - tp_module_layout_blog_index.css -> ["E:/Github/practice/NEJ/spa/webapp/src/html/module/layout/blog/index.css"]
[D] 2016-05-12 16:44:59.268 - tp_module_layout_blog_index.js -> ["E:/Github/practice/NEJ/spa/webapp/src/html/module/layout/blog/index.js"]
[D] 2016-05-12 16:44:59.271 - tp_module_layout_blog.list_index.css -> ["E:/Github/practice/NEJ/spa/webapp/src/html/module/layout/blog.list/index.css"]
[D] 2016-05-12 16:44:59.275 - tp_module_layout_blog.list_index.js -> ["E:/Github/practice/NEJ/spa/webapp/src/html/module/layout/blog.list/index.js"]
[D] 2016-05-12 16:44:59.278 - tp_module_layout_setting_index.css -> ["E:/Github/practice/NEJ/spa/webapp/src/html/module/layout/setting/index.css"]
[D] 2016-05-12 16:44:59.281 - tp_module_layout_setting_index.js -> ["E:/Github/practice/NEJ/spa/webapp/src/html/module/layout/setting/index.js"]
[D] 2016-05-12 16:44:59.284 - tp_module_layout_setting.account_index.css -> ["E:/Github/practice/NEJ/spa/webapp/src/html/module/layout/setting.account/index.css"]
[D] 2016-05-12 16:44:59.287 - tp_module_layout_setting.account_index.js -> ["E:/Github/practice/NEJ/spa/webapp/src/html/module/layout/setting.account/index.js"]
[D] 2016-05-12 16:44:59.291 - tp_module_blog_tag_index.css -> ["E:/Github/practice/NEJ/spa/webapp/src/html/module/blog/tag/index.css"]
[D] 2016-05-12 16:44:59.295 - tp_module_blog_tag_index.js -> ["D:/workspace/git/NEJ/src/util/list/waterfall.js","E:/Github/practice/NEJ/spa/webapp/src/javascript/cache/tag.js","E:/Github/practice/NEJ/spa/webapp/src/html/module/blog/tag/index.js"]
[D] 2016-05-12 16:44:59.298 - pp_app.css -> ["E:/Github/practice/NEJ/spa/webapp/src/css/template.css","E:/Github/practice/NEJ/spa/webapp/src/css/app.css"]
[D] 2016-05-12 16:44:59.301 - pp_app.js -> ["E:/Github/practice/NEJ/spa/webapp/src/html/inline-1463042697493","D:/workspace/git/NEJ/src/util/dispatcher/dispatcher.js","E:/Github/practice/NEJ/spa/webapp/src/html/inline-1463042697494"]
[D] 2016-05-12 16:44:59.306 - tp_module_setting_edu_index.css -> ["E:/Github/practice/NEJ/spa/webapp/src/html/module/setting/edu/index.css"]
[D] 2016-05-12 16:44:59.309 - tp_module_setting_edu_index.js -> ["E:/Github/practice/NEJ/spa/webapp/src/html/module/setting/edu/index.js"]
[D] 2016-05-12 16:44:59.312 - tp_module_setting_permission_index.css -> ["E:/Github/practice/NEJ/spa/webapp/src/html/module/setting/permission/index.css"]
[D] 2016-05-12 16:44:59.315 - tp_module_setting_permission_index.js -> ["E:/Github/practice/NEJ/spa/webapp/src/html/module/setting/permission/index.js"]
[D] 2016-05-12 16:44:59.319 - tp_module_setting_profile_index.css -> ["E:/Github/practice/NEJ/spa/webapp/src/html/module/setting/profile/index.css"]
[D] 2016-05-12 16:44:59.323 - tp_module_setting_profile_index.js -> ["E:/Github/practice/NEJ/spa/webapp/src/html/module/setting/profile/index.js"]
[I] 2016-05-12 16:44:59.326 - minify script
[E] 2016-05-12 16:44:59.359 - js code parse error for core.js, source code in core.js, exception information :
Unexpected token: name (read) at line 51 col 5
 
